<?xml version="1.0" encoding="UTF-8"?>
<!-- Generated by org.testng.reporters.JUnitReportReporter -->
<testsuite name="core.AppTest" tests="1" time="0.010" ignored="0" failures="0" timestamp="30 May 2017 18:40:20 GMT" skipped="0" hostname="AnnaMac-2.local" errors="0">
  <testcase name="test" time="0.010" classname="core.AppTest"/>
</testsuite> <!-- core.AppTest -->
